<?xml version="1.0" ?>
<coverage version="7.2.7" timestamp="1686564142776" lines-valid="608" lines-covered="206" line-rate="0.3388" branches-covered="0" branches-valid="0" branch-rate="0" complexity="0">
	<!-- Generated by coverage.py: https://coverage.readthedocs.io/en/7.2.7 -->
	<!-- Based on https://raw.githubusercontent.com/cobertura/web/master/htdocs/xml/coverage-04.dtd -->
	<sources>
		<source>/home/timofey/Desktop/workspace/python_projects/memes_bot_backend/bot_backend/bot_backend</source>
	</sources>
	<packages>
		<package name="." line-rate="0.6579" branch-rate="0" complexity="0">
			<classes>
				<class name="__init__.py" filename="__init__.py" complexity="0" line-rate="1" branch-rate="0">
					<methods/>
					<lines/>
				</class>
				<class name="asgi.py" filename="asgi.py" complexity="0" line-rate="0" branch-rate="0">
					<methods/>
					<lines>
						<line number="10" hits="0"/>
						<line number="12" hits="0"/>
						<line number="14" hits="0"/>
						<line number="16" hits="0"/>
					</lines>
				</class>
				<class name="settings.py" filename="settings.py" complexity="0" line-rate="1" branch-rate="0">
					<methods/>
					<lines>
						<line number="13" hits="1"/>
						<line number="14" hits="1"/>
						<line number="16" hits="1"/>
						<line number="18" hits="1"/>
						<line number="20" hits="1"/>
						<line number="27" hits="1"/>
						<line number="32" hits="1"/>
						<line number="34" hits="1"/>
						<line number="39" hits="1"/>
						<line number="52" hits="1"/>
						<line number="64" hits="1"/>
						<line number="66" hits="1"/>
						<line number="82" hits="1"/>
						<line number="93" hits="1"/>
						<line number="106" hits="1"/>
						<line number="108" hits="1"/>
						<line number="110" hits="1"/>
						<line number="112" hits="1"/>
						<line number="118" hits="1"/>
						<line number="123" hits="1"/>
						<line number="125" hits="1"/>
						<line number="142" hits="1"/>
						<line number="145" hits="1"/>
						<line number="147" hits="1"/>
						<line number="149" hits="1"/>
					</lines>
				</class>
				<class name="urls.py" filename="urls.py" complexity="0" line-rate="0" branch-rate="0">
					<methods/>
					<lines>
						<line number="16" hits="0"/>
						<line number="17" hits="0"/>
						<line number="19" hits="0"/>
						<line number="21" hits="0"/>
						<line number="27" hits="0"/>
					</lines>
				</class>
				<class name="wsgi.py" filename="wsgi.py" complexity="0" line-rate="0" branch-rate="0">
					<methods/>
					<lines>
						<line number="10" hits="0"/>
						<line number="12" hits="0"/>
						<line number="14" hits="0"/>
						<line number="16" hits="0"/>
					</lines>
				</class>
			</classes>
		</package>
		<package name="bot_db_models" line-rate="0.2402" branch-rate="0" complexity="0">
			<classes>
				<class name="__init__.py" filename="bot_db_models/__init__.py" complexity="0" line-rate="1" branch-rate="0">
					<methods/>
					<lines/>
				</class>
				<class name="admin.py" filename="bot_db_models/admin.py" complexity="0" line-rate="1" branch-rate="0">
					<methods/>
					<lines>
						<line number="1" hits="1"/>
						<line number="3" hits="1"/>
						<line number="6" hits="1"/>
						<line number="7" hits="1"/>
						<line number="8" hits="1"/>
						<line number="9" hits="1"/>
						<line number="10" hits="1"/>
						<line number="17" hits="1"/>
						<line number="18" hits="1"/>
						<line number="19" hits="1"/>
						<line number="24" hits="1"/>
						<line number="27" hits="1"/>
						<line number="28" hits="1"/>
						<line number="29" hits="1"/>
						<line number="37" hits="1"/>
						<line number="38" hits="1"/>
						<line number="47" hits="1"/>
						<line number="48" hits="1"/>
						<line number="49" hits="1"/>
						<line number="55" hits="1"/>
						<line number="62" hits="1"/>
						<line number="63" hits="1"/>
						<line number="64" hits="1"/>
					</lines>
				</class>
				<class name="apps.py" filename="bot_db_models/apps.py" complexity="0" line-rate="1" branch-rate="0">
					<methods/>
					<lines>
						<line number="1" hits="1"/>
						<line number="4" hits="1"/>
						<line number="5" hits="1"/>
						<line number="6" hits="1"/>
					</lines>
				</class>
				<class name="filters.py" filename="bot_db_models/filters.py" complexity="0" line-rate="0" branch-rate="0">
					<methods/>
					<lines>
						<line number="1" hits="0"/>
						<line number="3" hits="0"/>
						<line number="6" hits="0"/>
						<line number="7" hits="0"/>
						<line number="10" hits="0"/>
						<line number="13" hits="0"/>
						<line number="16" hits="0"/>
						<line number="18" hits="0"/>
						<line number="19" hits="0"/>
						<line number="20" hits="0"/>
						<line number="23" hits="0"/>
						<line number="25" hits="0"/>
						<line number="26" hits="0"/>
						<line number="27" hits="0"/>
					</lines>
				</class>
				<class name="models.py" filename="bot_db_models/models.py" complexity="0" line-rate="0.963" branch-rate="0">
					<methods/>
					<lines>
						<line number="11" hits="1"/>
						<line number="14" hits="1"/>
						<line number="15" hits="1"/>
						<line number="16" hits="1"/>
						<line number="17" hits="1"/>
						<line number="20" hits="1"/>
						<line number="22" hits="1"/>
						<line number="23" hits="1"/>
						<line number="24" hits="1"/>
						<line number="26" hits="1"/>
						<line number="27" hits="0"/>
						<line number="30" hits="1"/>
						<line number="31" hits="1"/>
						<line number="32" hits="1"/>
						<line number="33" hits="1"/>
						<line number="36" hits="1"/>
						<line number="37" hits="1"/>
						<line number="39" hits="1"/>
						<line number="40" hits="1"/>
						<line number="41" hits="1"/>
						<line number="43" hits="1"/>
						<line number="44" hits="0"/>
						<line number="47" hits="1"/>
						<line number="48" hits="1"/>
						<line number="49" hits="1"/>
						<line number="52" hits="1"/>
						<line number="53" hits="1"/>
						<line number="57" hits="1"/>
						<line number="58" hits="1"/>
						<line number="59" hits="1"/>
						<line number="62" hits="1"/>
						<line number="63" hits="1"/>
						<line number="64" hits="1"/>
						<line number="65" hits="1"/>
						<line number="66" hits="1"/>
						<line number="67" hits="1"/>
						<line number="68" hits="1"/>
						<line number="71" hits="1"/>
						<line number="72" hits="1"/>
						<line number="73" hits="1"/>
						<line number="74" hits="1"/>
						<line number="75" hits="1"/>
						<line number="76" hits="1"/>
						<line number="79" hits="1"/>
						<line number="82" hits="1"/>
						<line number="85" hits="1"/>
						<line number="88" hits="1"/>
						<line number="91" hits="1"/>
						<line number="94" hits="1"/>
						<line number="97" hits="1"/>
						<line number="100" hits="1"/>
						<line number="104" hits="1"/>
						<line number="105" hits="1"/>
						<line number="106" hits="1"/>
					</lines>
				</class>
				<class name="serializers.py" filename="bot_db_models/serializers.py" complexity="0" line-rate="0" branch-rate="0">
					<methods/>
					<lines>
						<line number="1" hits="0"/>
						<line number="3" hits="0"/>
						<line number="6" hits="0"/>
						<line number="9" hits="0"/>
						<line number="10" hits="0"/>
						<line number="11" hits="0"/>
						<line number="14" hits="0"/>
						<line number="17" hits="0"/>
						<line number="18" hits="0"/>
						<line number="19" hits="0"/>
						<line number="22" hits="0"/>
						<line number="25" hits="0"/>
						<line number="26" hits="0"/>
						<line number="27" hits="0"/>
						<line number="30" hits="0"/>
						<line number="33" hits="0"/>
						<line number="34" hits="0"/>
						<line number="35" hits="0"/>
						<line number="38" hits="0"/>
						<line number="41" hits="0"/>
						<line number="42" hits="0"/>
						<line number="43" hits="0"/>
					</lines>
				</class>
				<class name="service.py" filename="bot_db_models/service.py" complexity="0" line-rate="1" branch-rate="0">
					<methods/>
					<lines>
						<line number="1" hits="1"/>
						<line number="5" hits="1"/>
						<line number="9" hits="1"/>
						<line number="12" hits="1"/>
						<line number="16" hits="1"/>
						<line number="19" hits="1"/>
						<line number="25" hits="1"/>
						<line number="29" hits="1"/>
						<line number="31" hits="1"/>
						<line number="32" hits="1"/>
						<line number="33" hits="1"/>
						<line number="34" hits="1"/>
						<line number="35" hits="1"/>
					</lines>
				</class>
				<class name="urls.py" filename="bot_db_models/urls.py" complexity="0" line-rate="0" branch-rate="0">
					<methods/>
					<lines>
						<line number="1" hits="0"/>
						<line number="3" hits="0"/>
						<line number="5" hits="0"/>
					</lines>
				</class>
				<class name="views.py" filename="bot_db_models/views.py" complexity="0" line-rate="0" branch-rate="0">
					<methods/>
					<lines>
						<line number="1" hits="0"/>
						<line number="2" hits="0"/>
						<line number="3" hits="0"/>
						<line number="4" hits="0"/>
						<line number="6" hits="0"/>
						<line number="13" hits="0"/>
						<line number="20" hits="0"/>
						<line number="24" hits="0"/>
						<line number="27" hits="0"/>
						<line number="30" hits="0"/>
						<line number="31" hits="0"/>
						<line number="32" hits="0"/>
						<line number="33" hits="0"/>
						<line number="35" hits="0"/>
						<line number="36" hits="0"/>
						<line number="37" hits="0"/>
						<line number="38" hits="0"/>
						<line number="39" hits="0"/>
						<line number="40" hits="0"/>
						<line number="41" hits="0"/>
						<line number="43" hits="0"/>
						<line number="44" hits="0"/>
						<line number="45" hits="0"/>
						<line number="48" hits="0"/>
						<line number="49" hits="0"/>
						<line number="53" hits="0"/>
						<line number="54" hits="0"/>
						<line number="55" hits="0"/>
						<line number="56" hits="0"/>
						<line number="57" hits="0"/>
						<line number="59" hits="0"/>
						<line number="60" hits="0"/>
						<line number="61" hits="0"/>
						<line number="62" hits="0"/>
						<line number="63" hits="0"/>
						<line number="64" hits="0"/>
						<line number="65" hits="0"/>
						<line number="68" hits="0"/>
						<line number="71" hits="0"/>
						<line number="72" hits="0"/>
						<line number="73" hits="0"/>
						<line number="74" hits="0"/>
						<line number="76" hits="0"/>
						<line number="77" hits="0"/>
						<line number="78" hits="0"/>
						<line number="79" hits="0"/>
						<line number="80" hits="0"/>
						<line number="85" hits="0"/>
						<line number="86" hits="0"/>
						<line number="87" hits="0"/>
						<line number="88" hits="0"/>
						<line number="89" hits="0"/>
						<line number="91" hits="0"/>
						<line number="92" hits="0"/>
						<line number="93" hits="0"/>
						<line number="94" hits="0"/>
						<line number="95" hits="0"/>
						<line number="96" hits="0"/>
						<line number="97" hits="0"/>
						<line number="100" hits="0"/>
						<line number="103" hits="0"/>
						<line number="104" hits="0"/>
						<line number="105" hits="0"/>
						<line number="106" hits="0"/>
						<line number="108" hits="0"/>
						<line number="109" hits="0"/>
						<line number="110" hits="0"/>
						<line number="113" hits="0"/>
						<line number="115" hits="0"/>
						<line number="116" hits="0"/>
						<line number="117" hits="0"/>
						<line number="118" hits="0"/>
						<line number="119" hits="0"/>
						<line number="120" hits="0"/>
						<line number="122" hits="0"/>
						<line number="123" hits="0"/>
						<line number="124" hits="0"/>
						<line number="127" hits="0"/>
						<line number="128" hits="0"/>
						<line number="129" hits="0"/>
						<line number="130" hits="0"/>
						<line number="131" hits="0"/>
						<line number="133" hits="0"/>
						<line number="134" hits="0"/>
						<line number="135" hits="0"/>
						<line number="138" hits="0"/>
						<line number="139" hits="0"/>
						<line number="140" hits="0"/>
						<line number="141" hits="0"/>
						<line number="144" hits="0"/>
						<line number="147" hits="0"/>
						<line number="148" hits="0"/>
						<line number="149" hits="0"/>
						<line number="150" hits="0"/>
						<line number="152" hits="0"/>
						<line number="153" hits="0"/>
						<line number="154" hits="0"/>
						<line number="155" hits="0"/>
						<line number="156" hits="0"/>
						<line number="157" hits="0"/>
						<line number="158" hits="0"/>
						<line number="159" hits="0"/>
						<line number="161" hits="0"/>
						<line number="162" hits="0"/>
						<line number="163" hits="0"/>
						<line number="164" hits="0"/>
						<line number="165" hits="0"/>
						<line number="166" hits="0"/>
						<line number="167" hits="0"/>
						<line number="170" hits="0"/>
						<line number="173" hits="0"/>
						<line number="174" hits="0"/>
						<line number="175" hits="0"/>
						<line number="176" hits="0"/>
						<line number="178" hits="0"/>
						<line number="179" hits="0"/>
						<line number="180" hits="0"/>
						<line number="182" hits="0"/>
						<line number="183" hits="0"/>
						<line number="184" hits="0"/>
						<line number="187" hits="0"/>
						<line number="190" hits="0"/>
						<line number="191" hits="0"/>
						<line number="192" hits="0"/>
						<line number="193" hits="0"/>
						<line number="194" hits="0"/>
						<line number="195" hits="0"/>
						<line number="197" hits="0"/>
						<line number="198" hits="0"/>
						<line number="199" hits="0"/>
						<line number="200" hits="0"/>
						<line number="201" hits="0"/>
						<line number="202" hits="0"/>
						<line number="203" hits="0"/>
						<line number="204" hits="0"/>
						<line number="206" hits="0"/>
						<line number="207" hits="0"/>
						<line number="208" hits="0"/>
						<line number="209" hits="0"/>
						<line number="210" hits="0"/>
						<line number="211" hits="0"/>
						<line number="212" hits="0"/>
						<line number="213" hits="0"/>
						<line number="216" hits="0"/>
						<line number="219" hits="0"/>
						<line number="220" hits="0"/>
						<line number="221" hits="0"/>
						<line number="222" hits="0"/>
						<line number="224" hits="0"/>
						<line number="225" hits="0"/>
						<line number="226" hits="0"/>
						<line number="227" hits="0"/>
						<line number="228" hits="0"/>
						<line number="229" hits="0"/>
						<line number="230" hits="0"/>
						<line number="231" hits="0"/>
						<line number="233" hits="0"/>
						<line number="234" hits="0"/>
						<line number="235" hits="0"/>
						<line number="236" hits="0"/>
						<line number="237" hits="0"/>
						<line number="238" hits="0"/>
						<line number="239" hits="0"/>
						<line number="242" hits="0"/>
						<line number="245" hits="0"/>
						<line number="246" hits="0"/>
						<line number="247" hits="0"/>
						<line number="248" hits="0"/>
						<line number="250" hits="0"/>
						<line number="251" hits="0"/>
						<line number="252" hits="0"/>
						<line number="254" hits="0"/>
						<line number="255" hits="0"/>
						<line number="256" hits="0"/>
						<line number="257" hits="0"/>
						<line number="260" hits="0"/>
						<line number="266" hits="0"/>
						<line number="267" hits="0"/>
						<line number="268" hits="0"/>
						<line number="269" hits="0"/>
						<line number="270" hits="0"/>
						<line number="272" hits="0"/>
						<line number="273" hits="0"/>
						<line number="274" hits="0"/>
						<line number="277" hits="0"/>
						<line number="278" hits="0"/>
						<line number="279" hits="0"/>
						<line number="280" hits="0"/>
						<line number="281" hits="0"/>
						<line number="283" hits="0"/>
						<line number="284" hits="0"/>
						<line number="285" hits="0"/>
						<line number="288" hits="0"/>
						<line number="289" hits="0"/>
						<line number="292" hits="0"/>
						<line number="295" hits="0"/>
						<line number="296" hits="0"/>
						<line number="297" hits="0"/>
						<line number="298" hits="0"/>
						<line number="300" hits="0"/>
						<line number="301" hits="0"/>
						<line number="302" hits="0"/>
						<line number="303" hits="0"/>
						<line number="304" hits="0"/>
						<line number="305" hits="0"/>
						<line number="306" hits="0"/>
						<line number="307" hits="0"/>
						<line number="308" hits="0"/>
						<line number="310" hits="0"/>
						<line number="311" hits="0"/>
						<line number="312" hits="0"/>
						<line number="313" hits="0"/>
						<line number="314" hits="0"/>
						<line number="315" hits="0"/>
						<line number="316" hits="0"/>
						<line number="319" hits="0"/>
						<line number="320" hits="0"/>
						<line number="321" hits="0"/>
						<line number="322" hits="0"/>
						<line number="323" hits="0"/>
						<line number="325" hits="0"/>
						<line number="326" hits="0"/>
						<line number="327" hits="0"/>
						<line number="328" hits="0"/>
						<line number="329" hits="0"/>
						<line number="330" hits="0"/>
						<line number="331" hits="0"/>
						<line number="333" hits="0"/>
						<line number="334" hits="0"/>
						<line number="335" hits="0"/>
						<line number="338" hits="0"/>
						<line number="339" hits="0"/>
						<line number="340" hits="0"/>
						<line number="343" hits="0"/>
						<line number="344" hits="0"/>
						<line number="345" hits="0"/>
						<line number="346" hits="0"/>
						<line number="348" hits="0"/>
						<line number="349" hits="0"/>
						<line number="350" hits="0"/>
						<line number="353" hits="0"/>
						<line number="354" hits="0"/>
						<line number="355" hits="0"/>
						<line number="356" hits="0"/>
					</lines>
				</class>
				<class name="yasg.py" filename="bot_db_models/yasg.py" complexity="0" line-rate="0" branch-rate="0">
					<methods/>
					<lines>
						<line number="1" hits="0"/>
						<line number="2" hits="0"/>
						<line number="3" hits="0"/>
						<line number="4" hits="0"/>
						<line number="6" hits="0"/>
						<line number="17" hits="0"/>
					</lines>
				</class>
			</classes>
		</package>
		<package name="bot_db_models.migrations" line-rate="0" branch-rate="0" complexity="0">
			<classes>
				<class name="0001_initial.py" filename="bot_db_models/migrations/0001_initial.py" complexity="0" line-rate="0" branch-rate="0">
					<methods/>
					<lines>
						<line number="3" hits="0"/>
						<line number="4" hits="0"/>
						<line number="7" hits="0"/>
						<line number="9" hits="0"/>
						<line number="11" hits="0"/>
						<line number="14" hits="0"/>
					</lines>
				</class>
				<class name="0002_alter_groups_group_id.py" filename="bot_db_models/migrations/0002_alter_groups_group_id.py" complexity="0" line-rate="0" branch-rate="0">
					<methods/>
					<lines>
						<line number="3" hits="0"/>
						<line number="6" hits="0"/>
						<line number="8" hits="0"/>
						<line number="12" hits="0"/>
					</lines>
				</class>
				<class name="0003_auto_20230517_0904.py" filename="bot_db_models/migrations/0003_auto_20230517_0904.py" complexity="0" line-rate="0" branch-rate="0">
					<methods/>
					<lines>
						<line number="3" hits="0"/>
						<line number="6" hits="0"/>
						<line number="8" hits="0"/>
						<line number="12" hits="0"/>
					</lines>
				</class>
				<class name="0004_groups_group_vk_id.py" filename="bot_db_models/migrations/0004_groups_group_vk_id.py" complexity="0" line-rate="0" branch-rate="0">
					<methods/>
					<lines>
						<line number="3" hits="0"/>
						<line number="5" hits="0"/>
						<line number="8" hits="0"/>
						<line number="10" hits="0"/>
						<line number="14" hits="0"/>
					</lines>
				</class>
				<class name="0005_alter_content_content_id.py" filename="bot_db_models/migrations/0005_alter_content_content_id.py" complexity="0" line-rate="0" branch-rate="0">
					<methods/>
					<lines>
						<line number="3" hits="0"/>
						<line number="6" hits="0"/>
						<line number="8" hits="0"/>
						<line number="12" hits="0"/>
					</lines>
				</class>
				<class name="0006_content_content_vk_id.py" filename="bot_db_models/migrations/0006_content_content_vk_id.py" complexity="0" line-rate="0" branch-rate="0">
					<methods/>
					<lines>
						<line number="3" hits="0"/>
						<line number="6" hits="0"/>
						<line number="8" hits="0"/>
						<line number="12" hits="0"/>
					</lines>
				</class>
				<class name="0007_auto_20230517_1028.py" filename="bot_db_models/migrations/0007_auto_20230517_1028.py" complexity="0" line-rate="0" branch-rate="0">
					<methods/>
					<lines>
						<line number="3" hits="0"/>
						<line number="6" hits="0"/>
						<line number="8" hits="0"/>
						<line number="12" hits="0"/>
					</lines>
				</class>
				<class name="0008_auto_20230517_1035.py" filename="bot_db_models/migrations/0008_auto_20230517_1035.py" complexity="0" line-rate="0" branch-rate="0">
					<methods/>
					<lines>
						<line number="3" hits="0"/>
						<line number="4" hits="0"/>
						<line number="7" hits="0"/>
						<line number="9" hits="0"/>
						<line number="13" hits="0"/>
					</lines>
				</class>
				<class name="0009_alter_posts_url.py" filename="bot_db_models/migrations/0009_alter_posts_url.py" complexity="0" line-rate="0" branch-rate="0">
					<methods/>
					<lines>
						<line number="3" hits="0"/>
						<line number="6" hits="0"/>
						<line number="8" hits="0"/>
						<line number="12" hits="0"/>
					</lines>
				</class>
				<class name="0010_auto_20230522_1222.py" filename="bot_db_models/migrations/0010_auto_20230522_1222.py" complexity="0" line-rate="0" branch-rate="0">
					<methods/>
					<lines>
						<line number="3" hits="0"/>
						<line number="6" hits="0"/>
						<line number="8" hits="0"/>
						<line number="12" hits="0"/>
					</lines>
				</class>
				<class name="0011_auto_20230522_1409.py" filename="bot_db_models/migrations/0011_auto_20230522_1409.py" complexity="0" line-rate="0" branch-rate="0">
					<methods/>
					<lines>
						<line number="3" hits="0"/>
						<line number="6" hits="0"/>
						<line number="8" hits="0"/>
						<line number="12" hits="0"/>
					</lines>
				</class>
				<class name="0012_auto_20230523_0938.py" filename="bot_db_models/migrations/0012_auto_20230523_0938.py" complexity="0" line-rate="0" branch-rate="0">
					<methods/>
					<lines>
						<line number="3" hits="0"/>
						<line number="6" hits="0"/>
						<line number="8" hits="0"/>
						<line number="12" hits="0"/>
					</lines>
				</class>
				<class name="0013_auto_20230523_0942.py" filename="bot_db_models/migrations/0013_auto_20230523_0942.py" complexity="0" line-rate="0" branch-rate="0">
					<methods/>
					<lines>
						<line number="3" hits="0"/>
						<line number="6" hits="0"/>
						<line number="8" hits="0"/>
						<line number="12" hits="0"/>
					</lines>
				</class>
				<class name="0014_rename_content_fk_posts_content.py" filename="bot_db_models/migrations/0014_rename_content_fk_posts_content.py" complexity="0" line-rate="0" branch-rate="0">
					<methods/>
					<lines>
						<line number="3" hits="0"/>
						<line number="6" hits="0"/>
						<line number="8" hits="0"/>
						<line number="12" hits="0"/>
					</lines>
				</class>
				<class name="0015_rename_content_posts_content_fk.py" filename="bot_db_models/migrations/0015_rename_content_posts_content_fk.py" complexity="0" line-rate="0" branch-rate="0">
					<methods/>
					<lines>
						<line number="3" hits="0"/>
						<line number="6" hits="0"/>
						<line number="8" hits="0"/>
						<line number="12" hits="0"/>
					</lines>
				</class>
				<class name="0016_telegramusers.py" filename="bot_db_models/migrations/0016_telegramusers.py" complexity="0" line-rate="0" branch-rate="0">
					<methods/>
					<lines>
						<line number="3" hits="0"/>
						<line number="6" hits="0"/>
						<line number="8" hits="0"/>
						<line number="12" hits="0"/>
					</lines>
				</class>
				<class name="0017_telegramusers_created_at.py" filename="bot_db_models/migrations/0017_telegramusers_created_at.py" complexity="0" line-rate="0" branch-rate="0">
					<methods/>
					<lines>
						<line number="3" hits="0"/>
						<line number="4" hits="0"/>
						<line number="7" hits="0"/>
						<line number="9" hits="0"/>
						<line number="13" hits="0"/>
					</lines>
				</class>
				<class name="0018_rename_created_at_telegramusers_registered_at.py" filename="bot_db_models/migrations/0018_rename_created_at_telegramusers_registered_at.py" complexity="0" line-rate="0" branch-rate="0">
					<methods/>
					<lines>
						<line number="3" hits="0"/>
						<line number="6" hits="0"/>
						<line number="8" hits="0"/>
						<line number="12" hits="0"/>
					</lines>
				</class>
				<class name="0019_alter_carousels_url2.py" filename="bot_db_models/migrations/0019_alter_carousels_url2.py" complexity="0" line-rate="0" branch-rate="0">
					<methods/>
					<lines>
						<line number="3" hits="0"/>
						<line number="6" hits="0"/>
						<line number="8" hits="0"/>
						<line number="12" hits="0"/>
					</lines>
				</class>
				<class name="0020_alter_groups_group_vk_id.py" filename="bot_db_models/migrations/0020_alter_groups_group_vk_id.py" complexity="0" line-rate="0" branch-rate="0">
					<methods/>
					<lines>
						<line number="3" hits="0"/>
						<line number="6" hits="0"/>
						<line number="8" hits="0"/>
						<line number="12" hits="0"/>
					</lines>
				</class>
				<class name="0021_alter_groups_group_vk_id.py" filename="bot_db_models/migrations/0021_alter_groups_group_vk_id.py" complexity="0" line-rate="0" branch-rate="0">
					<methods/>
					<lines>
						<line number="3" hits="0"/>
						<line number="6" hits="0"/>
						<line number="8" hits="0"/>
						<line number="12" hits="0"/>
					</lines>
				</class>
				<class name="0022_rename_content_id_carousels_content_fk.py" filename="bot_db_models/migrations/0022_rename_content_id_carousels_content_fk.py" complexity="0" line-rate="0" branch-rate="0">
					<methods/>
					<lines>
						<line number="3" hits="0"/>
						<line number="6" hits="0"/>
						<line number="8" hits="0"/>
						<line number="12" hits="0"/>
					</lines>
				</class>
				<class name="0023_alter_carousels_content_fk.py" filename="bot_db_models/migrations/0023_alter_carousels_content_fk.py" complexity="0" line-rate="0" branch-rate="0">
					<methods/>
					<lines>
						<line number="3" hits="0"/>
						<line number="4" hits="0"/>
						<line number="7" hits="0"/>
						<line number="9" hits="0"/>
						<line number="13" hits="0"/>
					</lines>
				</class>
				<class name="__init__.py" filename="bot_db_models/migrations/__init__.py" complexity="0" line-rate="1" branch-rate="0">
					<methods/>
					<lines/>
				</class>
			</classes>
		</package>
		<package name="bot_db_models.tests" line-rate="1" branch-rate="0" complexity="0">
			<classes>
				<class name="conftest.py" filename="bot_db_models/tests/conftest.py" complexity="0" line-rate="1" branch-rate="0">
					<methods/>
					<lines>
						<line number="1" hits="1"/>
						<line number="2" hits="1"/>
						<line number="3" hits="1"/>
						<line number="5" hits="1"/>
						<line number="7" hits="1"/>
						<line number="8" hits="1"/>
						<line number="10" hits="1"/>
						<line number="13" hits="1"/>
						<line number="16" hits="1"/>
						<line number="17" hits="1"/>
						<line number="18" hits="1"/>
						<line number="22" hits="1"/>
						<line number="23" hits="1"/>
						<line number="24" hits="1"/>
						<line number="25" hits="1"/>
						<line number="28" hits="1"/>
						<line number="30" hits="1"/>
						<line number="33" hits="1"/>
						<line number="34" hits="1"/>
						<line number="35" hits="1"/>
						<line number="44" hits="1"/>
						<line number="45" hits="1"/>
						<line number="46" hits="1"/>
						<line number="47" hits="1"/>
						<line number="52" hits="1"/>
						<line number="54" hits="1"/>
						<line number="57" hits="1"/>
						<line number="58" hits="1"/>
						<line number="59" hits="1"/>
						<line number="60" hits="1"/>
						<line number="71" hits="1"/>
						<line number="72" hits="1"/>
						<line number="73" hits="1"/>
						<line number="87" hits="1"/>
						<line number="90" hits="1"/>
						<line number="92" hits="1"/>
					</lines>
				</class>
			</classes>
		</package>
		<package name="bot_db_models.tests.test_models" line-rate="1" branch-rate="0" complexity="0">
			<classes>
				<class name="__init__.py" filename="bot_db_models/tests/test_models/__init__.py" complexity="0" line-rate="1" branch-rate="0">
					<methods/>
					<lines/>
				</class>
				<class name="test_models.py" filename="bot_db_models/tests/test_models/test_models.py" complexity="0" line-rate="1" branch-rate="0">
					<methods/>
					<lines>
						<line number="1" hits="1"/>
						<line number="2" hits="1"/>
						<line number="3" hits="1"/>
						<line number="5" hits="1"/>
						<line number="6" hits="1"/>
						<line number="8" hits="1"/>
						<line number="10" hits="1"/>
						<line number="13" hits="1"/>
						<line number="14" hits="1"/>
						<line number="17" hits="1"/>
						<line number="20" hits="1"/>
						<line number="21" hits="1"/>
						<line number="22" hits="1"/>
						<line number="23" hits="1"/>
						<line number="24" hits="1"/>
						<line number="30" hits="1"/>
						<line number="31" hits="1"/>
						<line number="32" hits="1"/>
						<line number="37" hits="1"/>
						<line number="38" hits="1"/>
						<line number="41" hits="1"/>
						<line number="42" hits="1"/>
						<line number="43" hits="1"/>
						<line number="48" hits="1"/>
						<line number="49" hits="1"/>
						<line number="52" hits="1"/>
						<line number="53" hits="1"/>
						<line number="54" hits="1"/>
						<line number="59" hits="1"/>
						<line number="60" hits="1"/>
					</lines>
				</class>
			</classes>
		</package>
		<package name="bot_db_models.tests.test_service" line-rate="1" branch-rate="0" complexity="0">
			<classes>
				<class name="__init__.py" filename="bot_db_models/tests/test_service/__init__.py" complexity="0" line-rate="1" branch-rate="0">
					<methods/>
					<lines/>
				</class>
				<class name="test_module_service.py" filename="bot_db_models/tests/test_service/test_module_service.py" complexity="0" line-rate="1" branch-rate="0">
					<methods/>
					<lines>
						<line number="1" hits="1"/>
						<line number="2" hits="1"/>
						<line number="3" hits="1"/>
						<line number="5" hits="1"/>
						<line number="7" hits="1"/>
						<line number="14" hits="1"/>
						<line number="15" hits="1"/>
						<line number="18" hits="1"/>
						<line number="21" hits="1"/>
						<line number="22" hits="1"/>
						<line number="23" hits="1"/>
						<line number="32" hits="1"/>
						<line number="33" hits="1"/>
						<line number="38" hits="1"/>
						<line number="39" hits="1"/>
						<line number="42" hits="1"/>
						<line number="43" hits="1"/>
						<line number="44" hits="1"/>
						<line number="45" hits="1"/>
						<line number="48" hits="1"/>
						<line number="49" hits="1"/>
						<line number="53" hits="1"/>
						<line number="54" hits="1"/>
					</lines>
				</class>
			</classes>
		</package>
	</packages>
</coverage>
